<?xml version="1.0" encoding="UTF-8"?>
<testsuite hostname="Svitlana-pc" name="com.epam.onlineUa.TestOnlineUa" tests="1" failures="1" timestamp="21 Oct 2013 20:52:45 GMT" time="32.923" errors="0">
  <testcase name="testOnlineUaSentAndReceiveEmail" time="13.13" classname="com.epam.onlineUa.TestOnlineUa">
    <failure type="org.openqa.selenium.StaleElementReferenceException" message="Element is no longer attached to the DOM
Command duration or timeout: 109 milliseconds
For documentation on this error, please visit: http://seleniumhq.org/exceptions/stale_element_reference.html
Build info: version: &amp;apos;2.37.0&amp;apos;, revision: &amp;apos;a7c61cbd68657e133ae96672cf995890bad2ee42&amp;apos;, time: &amp;apos;2013-10-18 09:51:02&amp;apos;
System info: host: &amp;apos;Svitlana-pc&amp;apos;, ip: &amp;apos;192.168.1.2&amp;apos;, os.name: &amp;apos;Windows 7&amp;apos;, os.arch: &amp;apos;x86&amp;apos;, os.version: &amp;apos;6.1&amp;apos;, java.version: &amp;apos;1.7.0_40&amp;apos;
Session ID: 334c6ab3-26db-49ef-94b9-f4dfee322094
Driver info: org.openqa.selenium.firefox.FirefoxDriver
Capabilities [{platform=XP, databaseEnabled=true, cssSelectorsEnabled=true, javascriptEnabled=true, acceptSslCerts=true, handlesAlerts=true, browserName=firefox, browserConnectionEnabled=true, nativeEvents=true, webStorageEnabled=true, rotatable=false, locationContextEnabled=true, applicationCacheEnabled=true, takesScreenshot=true, version=19.0.2}]">
      <![CDATA[org.openqa.selenium.StaleElementReferenceException: Element is no longer attached to the DOM
Command duration or timeout: 109 milliseconds
For documentation on this error, please visit: http://seleniumhq.org/exceptions/stale_element_reference.html
Build info: version: '2.37.0', revision: 'a7c61cbd68657e133ae96672cf995890bad2ee42', time: '2013-10-18 09:51:02'
System info: host: 'Svitlana-pc', ip: '192.168.1.2', os.name: 'Windows 7', os.arch: 'x86', os.version: '6.1', java.version: '1.7.0_40'
Session ID: 334c6ab3-26db-49ef-94b9-f4dfee322094
Driver info: org.openqa.selenium.firefox.FirefoxDriver
Capabilities [{platform=XP, databaseEnabled=true, cssSelectorsEnabled=true, javascriptEnabled=true, acceptSslCerts=true, handlesAlerts=true, browserName=firefox, browserConnectionEnabled=true, nativeEvents=true, webStorageEnabled=true, rotatable=false, locationContextEnabled=true, applicationCacheEnabled=true, takesScreenshot=true, version=19.0.2}]
	at org.openqa.selenium.remote.ErrorHandler.createThrowable(ErrorHandler.java:193)
	at org.openqa.selenium.remote.ErrorHandler.throwIfResponseFailed(ErrorHandler.java:145)
	at org.openqa.selenium.remote.RemoteWebDriver.execute(RemoteWebDriver.java:554)
	at org.openqa.selenium.remote.RemoteWebElement.execute(RemoteWebElement.java:268)
	at org.openqa.selenium.remote.RemoteWebElement.findElement(RemoteWebElement.java:171)
	at org.openqa.selenium.remote.RemoteWebElement.findElementByClassName(RemoteWebElement.java:228)
	at org.openqa.selenium.By$ByClassName.findElement(By.java:393)
	at org.openqa.selenium.remote.RemoteWebElement.findElement(RemoteWebElement.java:167)
	at com.epam.pages.AllMailsPage.convertRowToLetter(AllMailsPage.java:61)
	at com.epam.pages.AllMailsPage.getLetter(AllMailsPage.java:50)
	at com.epam.onlineUa.TestOnlineUa.testOnlineUaSentAndReceiveEmail(TestOnlineUa.java:29)
	at org.apache.maven.surefire.testng.TestNGExecutor.run(TestNGExecutor.java:61)
	at org.apache.maven.surefire.testng.TestNGDirectoryTestSuite.executeMulti(TestNGDirectoryTestSuite.java:163)
	at org.apache.maven.surefire.testng.TestNGDirectoryTestSuite.execute(TestNGDirectoryTestSuite.java:112)
	at org.apache.maven.surefire.testng.TestNGProvider.invoke(TestNGProvider.java:111)
	at org.apache.maven.surefire.booter.ProviderFactory$ClassLoaderProxy.invoke(ProviderFactory.java:103)
	at com.sun.proxy.$Proxy0.invoke(Unknown Source)
	at org.apache.maven.surefire.booter.SurefireStarter.invokeProvider(SurefireStarter.java:145)
	at org.apache.maven.surefire.booter.SurefireStarter.runSuitesInProcess(SurefireStarter.java:87)
	at org.apache.maven.surefire.booter.ForkedBooter.main(ForkedBooter.java:69)
Caused by: org.openqa.selenium.remote.ErrorHandler$UnknownServerException: Element is no longer attached to the DOM
Build info: version: '2.37.0', revision: 'a7c61cbd68657e133ae96672cf995890bad2ee42', time: '2013-10-18 09:51:02'
System info: host: 'Svitlana-pc', ip: '192.168.1.2', os.name: 'Windows 7', os.arch: 'x86', os.version: '6.1', java.version: '1.7.0_40'
Driver info: driver.version: unknown
	at <anonymous class>.fxdriver.cache.getElementAt(resource://fxdriver/modules/web_element_cache.js:7618)
	at <anonymous class>.Utils.getElementAt(file:///C:/Users/Svitlana/AppData/Local/Temp/anonymous8093227729827495268webdriver-profile/extensions/fxdriver@googlecode.com/components/driver_component.js:7233)
	at <anonymous class>.FirefoxDriver.prototype.findElementInternal_(file:///C:/Users/Svitlana/AppData/Local/Temp/anonymous8093227729827495268webdriver-profile/extensions/fxdriver@googlecode.com/components/driver_component.js:8881)
	at <anonymous class>.FirefoxDriver.prototype.findChildElement(file:///C:/Users/Svitlana/AppData/Local/Temp/anonymous8093227729827495268webdriver-profile/extensions/fxdriver@googlecode.com/components/driver_component.js:8903)
	at <anonymous class>.DelayedCommand.prototype.executeInternal_/h(file:///C:/Users/Svitlana/AppData/Local/Temp/anonymous8093227729827495268webdriver-profile/extensions/fxdriver@googlecode.com/components/command_processor.js:10844)
	at <anonymous class>.DelayedCommand.prototype.executeInternal_(file:///C:/Users/Svitlana/AppData/Local/Temp/anonymous8093227729827495268webdriver-profile/extensions/fxdriver@googlecode.com/components/command_processor.js:10849)
	at <anonymous class>.DelayedCommand.prototype.execute/<(file:///C:/Users/Svitlana/AppData/Local/Temp/anonymous8093227729827495268webdriver-profile/extensions/fxdriver@googlecode.com/components/command_processor.js:10791)
... Removed 30 stack frames]]>
    </failure>
  </testcase>
</testsuite>
