<?xml version="1.0" encoding="UTF-8"?>
<testng-results skipped="0" failed="1" total="1" passed="0">
  <reporter-output>
    <line>
      <![CDATA[Check entered   title of function in exel file.]]>
    </line>
    <line>
      <![CDATA[Find the function which title equals entered function.<br>]]>
    </line>
    <line>
      <![CDATA[<a href="screenshots/15_11_2013__11_18_44AM.png"><img src="screenshots/15_11_2013__11_18_44AM.png" width=200 height=150></a><br>]]>
    </line>
  </reporter-output>
  <suite name="reports" duration-ms="25044" started-at="2013-11-15T09:18:19Z" finished-at="2013-11-15T09:18:44Z">
    <groups>
    </groups>
    <test name="TestCheckFunctionsFilter" duration-ms="25044" started-at="2013-11-15T09:18:19Z" finished-at="2013-11-15T09:18:44Z">
      <class name="com.epam.tests.TestCheckFunctionsFilter">
        <test-method status="PASS" signature="setUp()[pri:0, instance:com.epam.tests.TestCheckFunctionsFilter@182600f]" name="setUp" is-config="true" duration-ms="10517" started-at="2013-11-15T11:18:19Z" finished-at="2013-11-15T11:18:29Z">
          <reporter-output>
          </reporter-output>
        </test-method> <!-- setUp -->
        <test-method status="PASS" signature="setUpMethod()[pri:0, instance:com.epam.tests.TestCheckFunctionsFilter@182600f]" name="setUpMethod" is-config="true" duration-ms="86" started-at="2013-11-15T11:18:31Z" finished-at="2013-11-15T11:18:31Z">
          <reporter-output>
          </reporter-output>
        </test-method> <!-- setUpMethod -->
        <test-method status="FAIL" signature="CheckFunctionsFilter(java.lang.String, java.lang.String)[pri:0, instance:com.epam.tests.TestCheckFunctionsFilter@182600f]" name="CheckFunctionsFilter" duration-ms="10988" started-at="2013-11-15T11:18:31Z" data-provider="baseDataProvider" finished-at="2013-11-15T11:18:42Z">
          <params>
            <param index="0">
              <value>
                <![CDATA[Духовки]]>
              </value>
            </param>
            <param index="1">
              <value>
                <![CDATA[Газова]]>
              </value>
            </param>
          </params>
          <exception class="org.openqa.selenium.NoSuchElementException">
            <message>
              <![CDATA[Unable to locate element: {"method":"link text","selector":"Газова"}
Command duration or timeout: 5.19 seconds
For documentation on this error, please visit: http://seleniumhq.org/exceptions/no_such_element.html
Build info: version: '2.35.0', revision: 'c916b9d', time: '2013-08-12 15:42:01'
System info: os.name: 'Windows 7', os.arch: 'x86', os.version: '6.1', java.version: '1.7.0_21'
Session ID: 3d9447d0-0f44-4fae-8806-aa62d70401e8
Driver info: org.openqa.selenium.firefox.FirefoxDriver
Capabilities [{platform=XP, databaseEnabled=true, cssSelectorsEnabled=true, javascriptEnabled=true, acceptSslCerts=true, handlesAlerts=true, browserName=firefox, browserConnectionEnabled=true, nativeEvents=true, webStorageEnabled=true, rotatable=false, locationContextEnabled=true, applicationCacheEnabled=true, takesScreenshot=true, version=25.0}]]]>
            </message>
            <full-stacktrace>
              <![CDATA[org.openqa.selenium.NoSuchElementException: Unable to locate element: {"method":"link text","selector":"Газова"}
Command duration or timeout: 5.19 seconds
For documentation on this error, please visit: http://seleniumhq.org/exceptions/no_such_element.html
Build info: version: '2.35.0', revision: 'c916b9d', time: '2013-08-12 15:42:01'
System info: os.name: 'Windows 7', os.arch: 'x86', os.version: '6.1', java.version: '1.7.0_21'
Session ID: 3d9447d0-0f44-4fae-8806-aa62d70401e8
Driver info: org.openqa.selenium.firefox.FirefoxDriver
Capabilities [{platform=XP, databaseEnabled=true, cssSelectorsEnabled=true, javascriptEnabled=true, acceptSslCerts=true, handlesAlerts=true, browserName=firefox, browserConnectionEnabled=true, nativeEvents=true, webStorageEnabled=true, rotatable=false, locationContextEnabled=true, applicationCacheEnabled=true, takesScreenshot=true, version=25.0}]
	at sun.reflect.NativeConstructorAccessorImpl.newInstance0(Native Method)
	at sun.reflect.NativeConstructorAccessorImpl.newInstance(NativeConstructorAccessorImpl.java:57)
	at sun.reflect.DelegatingConstructorAccessorImpl.newInstance(DelegatingConstructorAccessorImpl.java:45)
	at java.lang.reflect.Constructor.newInstance(Constructor.java:525)
	at org.openqa.selenium.remote.ErrorHandler.createThrowable(ErrorHandler.java:191)
	at org.openqa.selenium.remote.ErrorHandler.throwIfResponseFailed(ErrorHandler.java:145)
	at org.openqa.selenium.remote.RemoteWebDriver.execute(RemoteWebDriver.java:554)
	at org.openqa.selenium.remote.RemoteWebElement.execute(RemoteWebElement.java:268)
	at org.openqa.selenium.remote.RemoteWebElement.findElement(RemoteWebElement.java:171)
	at org.openqa.selenium.remote.RemoteWebElement.findElementByLinkText(RemoteWebElement.java:212)
	at org.openqa.selenium.By$ByLinkText.findElement(By.java:241)
	at org.openqa.selenium.remote.RemoteWebElement.findElement(RemoteWebElement.java:167)
	at sun.reflect.NativeMethodAccessorImpl.invoke0(Native Method)
	at sun.reflect.NativeMethodAccessorImpl.invoke(NativeMethodAccessorImpl.java:57)
	at sun.reflect.DelegatingMethodAccessorImpl.invoke(DelegatingMethodAccessorImpl.java:43)
	at java.lang.reflect.Method.invoke(Method.java:601)
	at org.openqa.selenium.support.pagefactory.internal.LocatingElementHandler.invoke(LocatingElementHandler.java:41)
	at com.sun.proxy.$Proxy11.findElement(Unknown Source)
	at com.epam.components.Filter.ChooseFunction(Filter.java:148)
	at com.epam.helpers.CheckFunctionsFilterHelper.CheckFunctionsFilter(CheckFunctionsFilterHelper.java:19)
	at com.epam.tests.TestCheckFunctionsFilter.CheckFunctionsFilter(TestCheckFunctionsFilter.java:48)
	at sun.reflect.NativeMethodAccessorImpl.invoke0(Native Method)
	at sun.reflect.NativeMethodAccessorImpl.invoke(NativeMethodAccessorImpl.java:57)
	at sun.reflect.DelegatingMethodAccessorImpl.invoke(DelegatingMethodAccessorImpl.java:43)
	at java.lang.reflect.Method.invoke(Method.java:601)
	at org.testng.internal.MethodInvocationHelper.invokeMethod(MethodInvocationHelper.java:84)
	at org.testng.internal.Invoker.invokeMethod(Invoker.java:714)
	at org.testng.internal.Invoker.invokeTestMethod(Invoker.java:901)
	at org.testng.internal.Invoker.invokeTestMethods(Invoker.java:1231)
	at org.testng.internal.TestMethodWorker.invokeTestMethods(TestMethodWorker.java:127)
	at org.testng.internal.TestMethodWorker.run(TestMethodWorker.java:111)
	at org.testng.TestRunner.privateRun(TestRunner.java:767)
	at org.testng.TestRunner.run(TestRunner.java:617)
	at org.testng.SuiteRunner.runTest(SuiteRunner.java:334)
	at org.testng.SuiteRunner.runSequentially(SuiteRunner.java:329)
	at org.testng.SuiteRunner.privateRun(SuiteRunner.java:291)
	at org.testng.SuiteRunner.run(SuiteRunner.java:240)
	at org.testng.SuiteRunnerWorker.runSuite(SuiteRunnerWorker.java:52)
	at org.testng.SuiteRunnerWorker.run(SuiteRunnerWorker.java:86)
	at org.testng.TestNG.runSuitesSequentially(TestNG.java:1224)
	at org.testng.TestNG.runSuitesLocally(TestNG.java:1149)
	at org.testng.TestNG.run(TestNG.java:1057)
	at org.testng.remote.RemoteTestNG.run(RemoteTestNG.java:111)
	at org.testng.remote.RemoteTestNG.initAndRun(RemoteTestNG.java:204)
	at org.testng.remote.RemoteTestNG.main(RemoteTestNG.java:175)
Caused by: org.openqa.selenium.remote.ErrorHandler$UnknownServerException: Unable to locate element: {"method":"link text","selector":"Газова"}
Build info: version: '2.35.0', revision: 'c916b9d', time: '2013-08-12 15:42:01'
System info: os.name: 'Windows 7', os.arch: 'x86', os.version: '6.1', java.version: '1.7.0_21'
Driver info: driver.version: unknown
	at <anonymous class>.FirefoxDriver.prototype.findElementInternal_(file:///C:/Users/SVITLA~1.COM/AppData/Local/Temp/anonymous5431548219991552215webdriver-profile/extensions/fxdriver@googlecode.com/components/driver_component.js:8880)
	at <anonymous class>.fxdriver.Timer.prototype.setTimeout/<.notify(file:///C:/Users/SVITLA~1.COM/AppData/Local/Temp/anonymous5431548219991552215webdriver-profile/extensions/fxdriver@googlecode.com/components/driver_component.js:396)
]]>
            </full-stacktrace>
          </exception> <!-- org.openqa.selenium.NoSuchElementException -->
          <reporter-output>
            <line>
              <![CDATA[Check entered   title of function in exel file.]]>
            </line>
            <line>
              <![CDATA[Find the function which title equals entered function.<br>]]>
            </line>
            <line>
              <![CDATA[<a href="screenshots/15_11_2013__11_18_44AM.png"><img src="screenshots/15_11_2013__11_18_44AM.png" width=200 height=150></a><br>]]>
            </line>
          </reporter-output>
        </test-method> <!-- CheckFunctionsFilter -->
        <test-method status="PASS" signature="tearDown()[pri:0, instance:com.epam.tests.TestCheckFunctionsFilter@182600f]" name="tearDown" is-config="true" duration-ms="437" started-at="2013-11-15T11:18:44Z" finished-at="2013-11-15T11:18:44Z">
          <reporter-output>
          </reporter-output>
        </test-method> <!-- tearDown -->
      </class> <!-- com.epam.tests.TestCheckFunctionsFilter -->
    </test> <!-- TestCheckFunctionsFilter -->
  </suite> <!-- reports -->
</testng-results>
