<?xml version="1.0" encoding="UTF-8"?>
<!-- Generated by org.testng.reporters.JUnitReportReporter -->
<testsuite hostname="EPUAKHAW0474" name="com.epam.tests.TestCheckSortingByPriceAndTitle" tests="3" failures="1" timestamp="14 Nov 2013 13:06:15 GMT" time="93.893" errors="0">
  <testcase name="CompareTitles" time="27.244" classname="com.epam.tests.TestCheckSortingByPriceAndTitle">
    <failure type="org.openqa.selenium.NoSuchWindowException" message="Window not found. The browser window may have been closed.
Command duration or timeout: 61 milliseconds
Build info: version: &#039;2.35.0&#039;, revision: &#039;c916b9d&#039;, time: &#039;2013-08-12 15:42:01&#039;
System info: os.name: &#039;Windows 7&#039;, os.arch: &#039;x86&#039;, os.version: &#039;6.1&#039;, java.version: &#039;1.7.0_21&#039;
Session ID: 4d04a217-cb84-4568-811c-16267cb18aa1
Driver info: org.openqa.selenium.firefox.FirefoxDriver
Capabilities [{platform=XP, databaseEnabled=true, cssSelectorsEnabled=true, javascriptEnabled=true, acceptSslCerts=true, handlesAlerts=true, browserName=firefox, browserConnectionEnabled=true, nativeEvents=true, webStorageEnabled=true, rotatable=false, locationContextEnabled=true, applicationCacheEnabled=true, takesScreenshot=true, version=25.0}]">
      <![CDATA[org.openqa.selenium.NoSuchWindowException: Window not found. The browser window may have been closed.
Command duration or timeout: 61 milliseconds
Build info: version: '2.35.0', revision: 'c916b9d', time: '2013-08-12 15:42:01'
System info: os.name: 'Windows 7', os.arch: 'x86', os.version: '6.1', java.version: '1.7.0_21'
Session ID: 4d04a217-cb84-4568-811c-16267cb18aa1
Driver info: org.openqa.selenium.firefox.FirefoxDriver
Capabilities [{platform=XP, databaseEnabled=true, cssSelectorsEnabled=true, javascriptEnabled=true, acceptSslCerts=true, handlesAlerts=true, browserName=firefox, browserConnectionEnabled=true, nativeEvents=true, webStorageEnabled=true, rotatable=false, locationContextEnabled=true, applicationCacheEnabled=true, takesScreenshot=true, version=25.0}]
	at sun.reflect.NativeConstructorAccessorImpl.newInstance0(Native Method)
	at sun.reflect.NativeConstructorAccessorImpl.newInstance(NativeConstructorAccessorImpl.java:57)
	at sun.reflect.DelegatingConstructorAccessorImpl.newInstance(DelegatingConstructorAccessorImpl.java:45)
	at java.lang.reflect.Constructor.newInstance(Constructor.java:525)
	at org.openqa.selenium.remote.ErrorHandler.createThrowable(ErrorHandler.java:191)
	at org.openqa.selenium.remote.ErrorHandler.throwIfResponseFailed(ErrorHandler.java:145)
	at org.openqa.selenium.remote.RemoteWebDriver.execute(RemoteWebDriver.java:554)
	at org.openqa.selenium.remote.RemoteWebDriver.findElements(RemoteWebDriver.java:332)
	at org.openqa.selenium.remote.RemoteWebDriver.findElementsByCssSelector(RemoteWebDriver.java:400)
	at org.openqa.selenium.By$ByCssSelector.findElements(By.java:418)
	at org.openqa.selenium.remote.RemoteWebDriver.findElements(RemoteWebDriver.java:295)
	at org.openqa.selenium.support.pagefactory.DefaultElementLocator.findElements(DefaultElementLocator.java:75)
	at org.openqa.selenium.support.pagefactory.internal.LocatingElementListHandler.invoke(LocatingElementListHandler.java:35)
	at com.sun.proxy.$Proxy10.size(Unknown Source)
	at com.epam.helpers.CheckSortingByPriceAndTitleHelper.CompareTitle(CheckSortingByPriceAndTitleHelper.java:41)
	at com.epam.tests.TestCheckSortingByPriceAndTitle.CompareTitles(TestCheckSortingByPriceAndTitle.java:52)
	at sun.reflect.NativeMethodAccessorImpl.invoke0(Native Method)
	at sun.reflect.NativeMethodAccessorImpl.invoke(NativeMethodAccessorImpl.java:57)
	at sun.reflect.DelegatingMethodAccessorImpl.invoke(DelegatingMethodAccessorImpl.java:43)
	at java.lang.reflect.Method.invoke(Method.java:601)
	at org.testng.internal.MethodInvocationHelper.invokeMethod(MethodInvocationHelper.java:84)
	at org.testng.internal.Invoker.invokeMethod(Invoker.java:714)
	at org.testng.internal.Invoker.invokeTestMethod(Invoker.java:901)
	at org.testng.internal.Invoker.invokeTestMethods(Invoker.java:1231)
	at org.testng.internal.TestMethodWorker.invokeTestMethods(TestMethodWorker.java:127)
	at org.testng.internal.TestMethodWorker.run(TestMethodWorker.java:111)
	at org.testng.TestRunner.privateRun(TestRunner.java:767)
	at org.testng.TestRunner.run(TestRunner.java:617)
	at org.testng.SuiteRunner.runTest(SuiteRunner.java:334)
	at org.testng.SuiteRunner.runSequentially(SuiteRunner.java:329)
	at org.testng.SuiteRunner.privateRun(SuiteRunner.java:291)
	at org.testng.SuiteRunner.run(SuiteRunner.java:240)
	at org.testng.SuiteRunnerWorker.runSuite(SuiteRunnerWorker.java:52)
	at org.testng.SuiteRunnerWorker.run(SuiteRunnerWorker.java:86)
	at org.testng.TestNG.runSuitesSequentially(TestNG.java:1224)
	at org.testng.TestNG.runSuitesLocally(TestNG.java:1149)
	at org.testng.TestNG.run(TestNG.java:1057)
	at org.testng.remote.RemoteTestNG.run(RemoteTestNG.java:111)
	at org.testng.remote.RemoteTestNG.initAndRun(RemoteTestNG.java:204)
	at org.testng.remote.RemoteTestNG.main(RemoteTestNG.java:175)
Caused by: org.openqa.selenium.remote.ErrorHandler$UnknownServerException: Window not found. The browser window may have been closed.
Build info: version: '2.35.0', revision: 'c916b9d', time: '2013-08-12 15:42:01'
System info: os.name: 'Windows 7', os.arch: 'x86', os.version: '6.1', java.version: '1.7.0_21'
Driver info: driver.version: unknown
	at <anonymous class>.nsCommandProcessor.prototype.execute(file:///C:/Users/SVITLA~1.COM/AppData/Local/Temp/anonymous6017297574982045070webdriver-profile/extensions/fxdriver@googlecode.com/components/command_processor.js:10890)
	at <anonymous class>.Dispatcher.executeAs/<(file:///C:/Users/SVITLA~1.COM/AppData/Local/Temp/anonymous6017297574982045070webdriver-profile/extensions/fxdriver@googlecode.com/components/driver_component.js:7750)
	at <anonymous class>.Resource.prototype.handle(file:///C:/Users/SVITLA~1.COM/AppData/Local/Temp/anonymous6017297574982045070webdriver-profile/extensions/fxdriver@googlecode.com/components/driver_component.js:7896)
	at <anonymous class>.Dispatcher.prototype.dispatch(file:///C:/Users/SVITLA~1.COM/AppData/Local/Temp/anonymous6017297574982045070webdriver-profile/extensions/fxdriver@googlecode.com/components/driver_component.js:7843)
	at <anonymous class>.WebDriverServer/<.handle(file:///C:/Users/SVITLA~1.COM/AppData/Local/Temp/anonymous6017297574982045070webdriver-profile/extensions/fxdriver@googlecode.com/components/driver_component.js:10687)
	at <anonymous class>.createHandlerFunc/<(file:///C:/Users/SVITLA~1.COM/AppData/Local/Temp/anonymous6017297574982045070webdriver-profile/extensions/fxdriver@googlecode.com/components/httpd.js:1935)
	at <anonymous class>.ServerHandler.prototype.handleResponse(file:///C:/Users/SVITLA~1.COM/AppData/Local/Temp/anonymous6017297574982045070webdriver-profile/extensions/fxdriver@googlecode.com/components/httpd.js:2261)
	at <anonymous class>.Connection.prototype.process(file:///C:/Users/SVITLA~1.COM/AppData/Local/Temp/anonymous6017297574982045070webdriver-profile/extensions/fxdriver@googlecode.com/components/httpd.js:1168)
	at <anonymous class>.RequestReader.prototype._handleResponse(file:///C:/Users/SVITLA~1.COM/AppData/Local/Temp/anonymous6017297574982045070webdriver-profile/extensions/fxdriver@googlecode.com/components/httpd.js:1616)
	at <anonymous class>.RequestReader.prototype._processBody(file:///C:/Users/SVITLA~1.COM/AppData/Local/Temp/anonymous6017297574982045070webdriver-profile/extensions/fxdriver@googlecode.com/components/httpd.js:1464)
	at <anonymous class>.RequestReader.prototype.onInputStreamReady(file:///C:/Users/SVITLA~1.COM/AppData/Local/Temp/anonymous6017297574982045070webdriver-profile/extensions/fxdriver@googlecode.com/components/httpd.js:1333)
]]>
    </failure>
  </testcase> <!-- CompareTitles -->
  <testcase name="CompareTitles" time="25.744" classname="com.epam.tests.TestCheckSortingByPriceAndTitle"/>
  <testcase name="ComparePrices" time="40.905" classname="com.epam.tests.TestCheckSortingByPriceAndTitle"/>
</testsuite> <!-- com.epam.tests.TestCheckSortingByPriceAndTitle -->
